{"contracts\\MockERC20.sol":{"l":{"13":2},"path":"C:\\Users\\kyley\\Desktop\\Projects\\TotallySafeBetContract\\contracts\\MockERC20.sol","s":{"1":2},"b":{},"f":{"1":6,"2":2},"fnMap":{"1":{"name":"constructor","line":10,"loc":{"start":{"line":10,"column":4},"end":{"line":10,"column":79}}},"2":{"name":"mint","line":12,"loc":{"start":{"line":12,"column":4},"end":{"line":14,"column":4}}}},"statementMap":{"1":{"start":{"line":13,"column":8},"end":{"line":13,"column":24}}},"branchMap":{}},"contracts\\TotallySafeBet.sol":{"l":{"23":1,"24":1,"25":1,"26":1,"27":1,"31":2,"34":2,"36":2,"38":1,"40":1,"41":1,"48":1,"49":1,"51":1,"52":1,"54":1,"56":1,"59":1,"60":1,"63":1,"65":1,"67":1,"74":1,"75":1},"path":"C:\\Users\\kyley\\Desktop\\Projects\\TotallySafeBetContract\\contracts\\TotallySafeBet.sol","s":{"1":2,"2":2,"3":1,"4":1,"5":1,"6":1,"7":1,"8":1,"9":1,"10":1,"11":1,"12":1,"13":1,"14":1,"15":1,"16":1},"b":{"1":[2,0],"2":[1,1],"3":[1,0],"4":[1,0],"5":[1,0],"6":[1,0],"7":[1,0],"8":[1,0]},"f":{"1":1,"2":2,"3":1,"4":1},"fnMap":{"1":{"name":"initialize","line":22,"loc":{"start":{"line":22,"column":4},"end":{"line":28,"column":4}}},"2":{"name":"makeBet","line":30,"loc":{"start":{"line":30,"column":4},"end":{"line":43,"column":4}}},"3":{"name":"claimBet","line":47,"loc":{"start":{"line":47,"column":4},"end":{"line":70,"column":4}}},"4":{"name":"_checkWinner","line":73,"loc":{"start":{"line":73,"column":4},"end":{"line":76,"column":4}}}},"statementMap":{"1":{"start":{"line":31,"column":8},"end":{"line":31,"column":74}},"2":{"start":{"line":36,"column":8},"end":{"line":36,"column":1062}},"3":{"start":{"line":38,"column":12},"end":{"line":38,"column":108}},"4":{"start":{"line":40,"column":12},"end":{"line":40,"column":108}},"5":{"start":{"line":48,"column":8},"end":{"line":48,"column":38}},"6":{"start":{"line":49,"column":8},"end":{"line":49,"column":51}},"7":{"start":{"line":51,"column":8},"end":{"line":51,"column":29}},"8":{"start":{"line":52,"column":8},"end":{"line":52,"column":1914}},"9":{"start":{"line":54,"column":12},"end":{"line":54,"column":70}},"10":{"start":{"line":56,"column":12},"end":{"line":56,"column":87}},"11":{"start":{"line":59,"column":12},"end":{"line":59,"column":76}},"12":{"start":{"line":63,"column":8},"end":{"line":63,"column":2357}},"13":{"start":{"line":65,"column":12},"end":{"line":65,"column":72}},"14":{"start":{"line":67,"column":12},"end":{"line":67,"column":75}},"15":{"start":{"line":74,"column":8},"end":{"line":74,"column":47}},"16":{"start":{"line":75,"column":8},"end":{"line":75,"column":37}}},"branchMap":{"1":{"line":31,"type":"if","locations":[{"start":{"line":31,"column":8},"end":{"line":31,"column":8}},{"start":{"line":31,"column":8},"end":{"line":31,"column":8}}]},"2":{"line":36,"type":"if","locations":[{"start":{"line":36,"column":8},"end":{"line":36,"column":8}},{"start":{"line":36,"column":8},"end":{"line":36,"column":8}}]},"3":{"line":38,"type":"if","locations":[{"start":{"line":38,"column":12},"end":{"line":38,"column":12}},{"start":{"line":38,"column":12},"end":{"line":38,"column":12}}]},"4":{"line":40,"type":"if","locations":[{"start":{"line":40,"column":12},"end":{"line":40,"column":12}},{"start":{"line":40,"column":12},"end":{"line":40,"column":12}}]},"5":{"line":49,"type":"if","locations":[{"start":{"line":49,"column":40},"end":{"line":49,"column":43}},{"start":{"line":49,"column":47},"end":{"line":49,"column":50}}]},"6":{"line":54,"type":"if","locations":[{"start":{"line":54,"column":12},"end":{"line":54,"column":12}},{"start":{"line":54,"column":12},"end":{"line":54,"column":12}}]},"7":{"line":56,"type":"if","locations":[{"start":{"line":56,"column":58},"end":{"line":56,"column":70}},{"start":{"line":56,"column":74},"end":{"line":56,"column":86}}]},"8":{"line":65,"type":"if","locations":[{"start":{"line":65,"column":12},"end":{"line":65,"column":12}},{"start":{"line":65,"column":12},"end":{"line":65,"column":12}}]}}}}